<?xml version="1.0" encoding="UTF-8"?>
<testsuite name="test.controllers.CustomControllerTest" tests="1" skipped="0" failures="0" errors="0" timestamp="2019-08-09T09:55:30" hostname="C02XC6T5JG5L" time="0.009">
  <properties/>
  <testcase name="testCustom" classname="test.controllers.CustomControllerTest" time="0.009"/>
  <system-out><![CDATA[]]></system-out>
  <system-err><![CDATA[]]></system-err>
</testsuite>
