<?xml version="1.0" encoding="UTF-8"?>
<testsuite name="test.controllers.UserControllerTest" tests="5" skipped="0" failures="0" errors="0" timestamp="2019-08-09T10:06:59" hostname="C02XC6T5JG5L" time="0.1">
  <properties/>
  <testcase name="testCreateUser" classname="test.controllers.UserControllerTest" time="0.091"/>
  <testcase name="testDeleteUser" classname="test.controllers.UserControllerTest" time="0.004"/>
  <testcase name="testGetAllUsers" classname="test.controllers.UserControllerTest" time="0.001"/>
  <testcase name="testGetUserResponse" classname="test.controllers.UserControllerTest" time="0.001"/>
  <testcase name="testModifyUserById" classname="test.controllers.UserControllerTest" time="0.0"/>
  <system-out><![CDATA[]]></system-out>
  <system-err><![CDATA[]]></system-err>
</testsuite>
